
*** Running vivado
    with args -log design_1_AXI_Ultrasoon_0_1.vds -m64 -product Vivado -mode batch -messageDb vivado.pb -notrace -source design_1_AXI_Ultrasoon_0_1.tcl



****** Vivado v2024.1 (64-bit)
  **** SW Build 5076996 on Wed May 22 18:37:14 MDT 2024
  **** IP Build 5075265 on Wed May 22 21:45:21 MDT 2024
  **** SharedData Build 5076995 on Wed May 22 18:29:18 MDT 2024
  **** Start of session at: Fri Mar  7 09:50:03 2025
    ** Copyright 1986-2022 Xilinx, Inc. All Rights Reserved.
    ** Copyright 2022-2024 Advanced Micro Devices, Inc. All Rights Reserved.

source design_1_AXI_Ultrasoon_0_1.tcl -notrace
create_project: Time (s): cpu = 00:00:06 ; elapsed = 00:00:07 . Memory (MB): peak = 485.496 ; gain = 200.277
INFO: [IP_Flow 19-234] Refreshing IP repositories
INFO: [IP_Flow 19-1700] Loaded user IP repository 'c:/Car/Car_Project/Ultrasoon/ip_repo/AXI_Ultrasoon_1_0'.
INFO: [IP_Flow 19-2313] Loaded Vivado IP repository 'C:/Xilinx/Vivado/2024.1/data/ip'.
INFO: [IP_Flow 19-6924] IPCACHE: Running cache check for IP inst: design_1_AXI_Ultrasoon_0_1
INFO: [IP_Flow 19-6922] IPCACHE: Exporting cached entry 08af6ef60137f487 to dir: C:/Car/Car_Project/Ultrasoon/Ultrasoon/Ultrasoon.runs/design_1_AXI_Ultrasoon_0_1_synth_1
INFO: [IP_Flow 19-6928] IPCACHE: copied cached file c:/Car/Car_Project/Ultrasoon/Ultrasoon/Ultrasoon.cache/ip/2024.1/0/8/08af6ef60137f487/design_1_AXI_Ultrasoon_0_0.dcp to C:/Car/Car_Project/Ultrasoon/Ultrasoon/Ultrasoon.runs/design_1_AXI_Ultrasoon_0_1_synth_1/design_1_AXI_Ultrasoon_0_1.dcp.
INFO: [IP_Flow 19-6928] IPCACHE: copied cached file c:/Car/Car_Project/Ultrasoon/Ultrasoon/Ultrasoon.cache/ip/2024.1/0/8/08af6ef60137f487/design_1_AXI_Ultrasoon_0_0_sim_netlist.v to C:/Car/Car_Project/Ultrasoon/Ultrasoon/Ultrasoon.runs/design_1_AXI_Ultrasoon_0_1_synth_1/design_1_AXI_Ultrasoon_0_1_sim_netlist.v.
INFO: [IP_Flow 19-6928] IPCACHE: copied cached file c:/Car/Car_Project/Ultrasoon/Ultrasoon/Ultrasoon.cache/ip/2024.1/0/8/08af6ef60137f487/design_1_AXI_Ultrasoon_0_0_sim_netlist.vhdl to C:/Car/Car_Project/Ultrasoon/Ultrasoon/Ultrasoon.runs/design_1_AXI_Ultrasoon_0_1_synth_1/design_1_AXI_Ultrasoon_0_1_sim_netlist.vhdl.
INFO: [IP_Flow 19-6928] IPCACHE: copied cached file c:/Car/Car_Project/Ultrasoon/Ultrasoon/Ultrasoon.cache/ip/2024.1/0/8/08af6ef60137f487/design_1_AXI_Ultrasoon_0_0_stub.v to C:/Car/Car_Project/Ultrasoon/Ultrasoon/Ultrasoon.runs/design_1_AXI_Ultrasoon_0_1_synth_1/design_1_AXI_Ultrasoon_0_1_stub.v.
INFO: [IP_Flow 19-6928] IPCACHE: copied cached file c:/Car/Car_Project/Ultrasoon/Ultrasoon/Ultrasoon.cache/ip/2024.1/0/8/08af6ef60137f487/design_1_AXI_Ultrasoon_0_0_stub.vhdl to C:/Car/Car_Project/Ultrasoon/Ultrasoon/Ultrasoon.runs/design_1_AXI_Ultrasoon_0_1_synth_1/design_1_AXI_Ultrasoon_0_1_stub.vhdl.
INFO: [IP_Flow 19-4838] Using cached IP synthesis design for IP design_1_AXI_Ultrasoon_0_1, cache-ID = 08af6ef60137f487.
INFO: [Common 17-206] Exiting Vivado at Fri Mar  7 09:50:12 2025...
