10:38:14 DEBUG : Logs will be stored at 'C:/Car/Car_Project/Ultrasoon/Vitis/IDE.log'.
10:38:17 INFO  : Platform repository initialization has completed.
10:38:17 INFO  : Launching XSCT server: xsct.bat -n  -interactive C:\Car\Car_Project\Ultrasoon\Vitis\temp_xsdb_launch_script.tcl
10:38:17 INFO  : Registering command handlers for Vitis TCF services
10:38:17 ERROR : (XSDB Server)'\gnu\microblaze\lin\bin\' is not recognized as an internal or external command,
operable program or batch file.

10:38:17 ERROR : (XSDB Server)'\gnu\microblaze\nt\bin\' is not recognized as an internal or external command,
operable program or batch file.

10:38:17 ERROR : (XSDB Server)'\gnuwin\bin\' is not recognized as an internal or external command,
operable program or batch file.

10:38:20 INFO  : XSCT server has started successfully.
10:38:20 INFO  : Successfully done setting XSCT server connection channel  
10:38:21 INFO  : plnx-install-location is set to ''
10:38:21 INFO  : Successfully done setting workspace for the tool. 
10:38:21 INFO  : Successfully done query RDI_DATADIR 
10:38:58 INFO  : Result from executing command 'getProjects': Ultrasoon
10:38:58 INFO  : Result from executing command 'getPlatforms': 
10:38:58 WARN  : An unexpected exception occurred in the module 'platform project logging'
10:38:58 INFO  : Platform 'Ultrasoon' is added to custom repositories.
10:39:06 INFO  : Platform 'Ultrasoon' is added to custom repositories.
10:40:59 INFO  : Result from executing command 'getProjects': Ultrasoon
10:40:59 INFO  : Result from executing command 'getPlatforms': Ultrasoon|C:/Car/Car_Project/Ultrasoon/Vitis/Ultrasoon/export/Ultrasoon/Ultrasoon.xpfm
10:40:59 INFO  : Checking for BSP changes to sync application flags for project 'Ultrasoon_APP'...
10:41:12 INFO  : Connected to target on host '127.0.0.1' and port '3121'.
10:41:13 INFO  : Jtag cable 'Xilinx HW-FTDI-TEST FT2232H 1234-tulA' is selected.
10:41:13 INFO  : 'jtag frequency' command is executed.
10:41:13 INFO  : Context for 'APU' is selected.
10:41:14 INFO  : System reset is completed.
10:41:17 INFO  : 'after 3000' command is executed.
10:41:17 INFO  : 'targets -set -filter {jtag_cable_name =~ "Xilinx HW-FTDI-TEST FT2232H 1234-tulA" && level==0 && jtag_device_ctx=="jsn-HW-FTDI-TEST FT2232H-1234-tulA-23727093-0"}' command is executed.
10:41:19 INFO  : Device configured successfully with "C:/Car/Car_Project/Ultrasoon/Vitis/Ultrasoon_APP/_ide/bitstream/Ultrasoon.bit"
10:41:19 INFO  : Context for 'APU' is selected.
10:41:19 INFO  : Hardware design and registers information is loaded from 'C:/Car/Car_Project/Ultrasoon/Vitis/Ultrasoon/export/Ultrasoon/hw/Ultrasoon.xsa'.
10:41:19 INFO  : 'configparams force-mem-access 1' command is executed.
10:41:19 INFO  : Context for 'APU' is selected.
10:41:19 INFO  : Sourcing of 'C:/Car/Car_Project/Ultrasoon/Vitis/Ultrasoon_APP/_ide/psinit/ps7_init.tcl' is done.
10:41:20 INFO  : 'ps7_init' command is executed.
10:41:20 INFO  : 'ps7_post_config' command is executed.
10:41:20 INFO  : Context for processor 'ps7_cortexa9_0' is selected.
10:41:20 INFO  : The application 'C:/Car/Car_Project/Ultrasoon/Vitis/Ultrasoon_APP/Debug/Ultrasoon_APP.elf' is downloaded to processor 'ps7_cortexa9_0'.
10:41:20 INFO  : 'configparams force-mem-access 0' command is executed.
10:41:20 INFO  : ----------------XSDB Script----------------
connect -url tcp:127.0.0.1:3121
targets -set -nocase -filter {name =~"APU*"}
rst -system
after 3000
targets -set -filter {jtag_cable_name =~ "Xilinx HW-FTDI-TEST FT2232H 1234-tulA" && level==0 && jtag_device_ctx=="jsn-HW-FTDI-TEST FT2232H-1234-tulA-23727093-0"}
fpga -file C:/Car/Car_Project/Ultrasoon/Vitis/Ultrasoon_APP/_ide/bitstream/Ultrasoon.bit
targets -set -nocase -filter {name =~"APU*"}
loadhw -hw C:/Car/Car_Project/Ultrasoon/Vitis/Ultrasoon/export/Ultrasoon/hw/Ultrasoon.xsa -mem-ranges [list {0x40000000 0xbfffffff}] -regs
configparams force-mem-access 1
targets -set -nocase -filter {name =~"APU*"}
source C:/Car/Car_Project/Ultrasoon/Vitis/Ultrasoon_APP/_ide/psinit/ps7_init.tcl
ps7_init
ps7_post_config
targets -set -nocase -filter {name =~ "*A9*#0"}
dow C:/Car/Car_Project/Ultrasoon/Vitis/Ultrasoon_APP/Debug/Ultrasoon_APP.elf
configparams force-mem-access 0
----------------End of Script----------------

10:41:20 INFO  : Context for processor 'ps7_cortexa9_0' is selected.
10:41:20 INFO  : 'con' command is executed.
10:41:20 INFO  : ----------------XSDB Script (After Launch)----------------
targets -set -nocase -filter {name =~ "*A9*#0"}
con
----------------End of Script----------------

10:41:20 INFO  : Launch script is exported to file 'C:\Car\Car_Project\Ultrasoon\Vitis\Ultrasoon_APP_system\_ide\scripts\debugger_ultrasoon_app-default.tcl'
10:41:32 INFO  : Disconnected from the channel tcfchan#2.
10:41:33 INFO  : Connected to target on host '127.0.0.1' and port '3121'.
10:41:33 INFO  : Jtag cable 'Xilinx HW-FTDI-TEST FT2232H 1234-tulA' is selected.
10:41:33 ERROR : port closed
10:41:33 INFO  : ----------------XSDB Script----------------
connect -url tcp:127.0.0.1:3121
----------------End of Script----------------

10:41:33 ERROR : port closed
10:41:39 INFO  : Connected to target on host '127.0.0.1' and port '3121'.
10:41:39 INFO  : Jtag cable 'Xilinx HW-FTDI-TEST FT2232H 1234-tulA' is selected.
10:41:39 INFO  : 'jtag frequency' command is executed.
10:41:39 INFO  : Context for 'APU' is selected.
10:41:39 INFO  : System reset is completed.
10:41:42 INFO  : 'after 3000' command is executed.
10:41:42 INFO  : 'targets -set -filter {jtag_cable_name =~ "Xilinx HW-FTDI-TEST FT2232H 1234-tulA" && level==0 && jtag_device_ctx=="jsn-HW-FTDI-TEST FT2232H-1234-tulA-23727093-0"}' command is executed.
10:41:44 INFO  : Device configured successfully with "C:/Car/Car_Project/Ultrasoon/Vitis/Ultrasoon_APP/_ide/bitstream/Ultrasoon.bit"
10:41:44 INFO  : Context for 'APU' is selected.
10:41:44 INFO  : Hardware design and registers information is loaded from 'C:/Car/Car_Project/Ultrasoon/Vitis/Ultrasoon/export/Ultrasoon/hw/Ultrasoon.xsa'.
10:41:44 INFO  : 'configparams force-mem-access 1' command is executed.
10:41:44 INFO  : Context for 'APU' is selected.
10:41:44 INFO  : Sourcing of 'C:/Car/Car_Project/Ultrasoon/Vitis/Ultrasoon_APP/_ide/psinit/ps7_init.tcl' is done.
10:41:45 INFO  : 'ps7_init' command is executed.
10:41:45 INFO  : 'ps7_post_config' command is executed.
10:41:45 INFO  : Context for processor 'ps7_cortexa9_0' is selected.
10:41:45 INFO  : The application 'C:/Car/Car_Project/Ultrasoon/Vitis/Ultrasoon_APP/Debug/Ultrasoon_APP.elf' is downloaded to processor 'ps7_cortexa9_0'.
10:41:45 INFO  : 'configparams force-mem-access 0' command is executed.
10:41:45 INFO  : ----------------XSDB Script----------------
connect -url tcp:127.0.0.1:3121
targets -set -nocase -filter {name =~"APU*"}
rst -system
after 3000
targets -set -filter {jtag_cable_name =~ "Xilinx HW-FTDI-TEST FT2232H 1234-tulA" && level==0 && jtag_device_ctx=="jsn-HW-FTDI-TEST FT2232H-1234-tulA-23727093-0"}
fpga -file C:/Car/Car_Project/Ultrasoon/Vitis/Ultrasoon_APP/_ide/bitstream/Ultrasoon.bit
targets -set -nocase -filter {name =~"APU*"}
loadhw -hw C:/Car/Car_Project/Ultrasoon/Vitis/Ultrasoon/export/Ultrasoon/hw/Ultrasoon.xsa -mem-ranges [list {0x40000000 0xbfffffff}] -regs
configparams force-mem-access 1
targets -set -nocase -filter {name =~"APU*"}
source C:/Car/Car_Project/Ultrasoon/Vitis/Ultrasoon_APP/_ide/psinit/ps7_init.tcl
ps7_init
ps7_post_config
targets -set -nocase -filter {name =~ "*A9*#0"}
dow C:/Car/Car_Project/Ultrasoon/Vitis/Ultrasoon_APP/Debug/Ultrasoon_APP.elf
configparams force-mem-access 0
----------------End of Script----------------

10:41:45 INFO  : Context for processor 'ps7_cortexa9_0' is selected.
10:41:45 INFO  : 'con' command is executed.
10:41:45 INFO  : ----------------XSDB Script (After Launch)----------------
targets -set -nocase -filter {name =~ "*A9*#0"}
con
----------------End of Script----------------

10:41:45 INFO  : Launch script is exported to file 'C:\Car\Car_Project\Ultrasoon\Vitis\Ultrasoon_APP_system\_ide\scripts\debugger_ultrasoon_app-default.tcl'
10:41:54 INFO  : Disconnected from the channel tcfchan#3.
